Determining if the pthread_create exist failed with the following output:
Change Dir: /home/tejaswini/tej/catkin_ws/build/CMakeFiles/CMakeTmp

Run Build Command:"/usr/bin/make" "cmTC_175fa/fast"
/usr/bin/make -f CMakeFiles/cmTC_175fa.dir/build.make CMakeFiles/cmTC_175fa.dir/build
make[1]: Entering directory '/home/tejaswini/tej/catkin_ws/build/CMakeFiles/CMakeTmp'
Building C object CMakeFiles/cmTC_175fa.dir/CheckSymbolExists.c.o
/usr/bin/cc     -o CMakeFiles/cmTC_175fa.dir/CheckSymbolExists.c.o   -c /home/tejaswini/tej/catkin_ws/build/CMakeFiles/CMakeTmp/CheckSymbolExists.c
Linking C executable cmTC_175fa
/usr/bin/cmake -E cmake_link_script CMakeFiles/cmTC_175fa.dir/link.txt --verbose=1
/usr/bin/cc       CMakeFiles/cmTC_175fa.dir/CheckSymbolExists.c.o  -o cmTC_175fa -rdynamic 
CMakeFiles/cmTC_175fa.dir/CheckSymbolExists.c.o: In function `main':
CheckSymbolExists.c:(.text+0x16): undefined reference to `pthread_create'
collect2: error: ld returned 1 exit status
CMakeFiles/cmTC_175fa.dir/build.make:97: recipe for target 'cmTC_175fa' failed
make[1]: *** [cmTC_175fa] Error 1
make[1]: Leaving directory '/home/tejaswini/tej/catkin_ws/build/CMakeFiles/CMakeTmp'
Makefile:126: recipe for target 'cmTC_175fa/fast' failed
make: *** [cmTC_175fa/fast] Error 2

File /home/tejaswini/tej/catkin_ws/build/CMakeFiles/CMakeTmp/CheckSymbolExists.c:
/* */
#include <pthread.h>

int main(int argc, char** argv)
{
  (void)argv;
#ifndef pthread_create
  return ((int*)(&pthread_create))[argc];
#else
  (void)argc;
  return 0;
#endif
}

Determining if the function pthread_create exists in the pthreads failed with the following output:
Change Dir: /home/tejaswini/tej/catkin_ws/build/CMakeFiles/CMakeTmp

Run Build Command:"/usr/bin/make" "cmTC_86953/fast"
/usr/bin/make -f CMakeFiles/cmTC_86953.dir/build.make CMakeFiles/cmTC_86953.dir/build
make[1]: Entering directory '/home/tejaswini/tej/catkin_ws/build/CMakeFiles/CMakeTmp'
Building C object CMakeFiles/cmTC_86953.dir/CheckFunctionExists.c.o
/usr/bin/cc    -DCHECK_FUNCTION_EXISTS=pthread_create   -o CMakeFiles/cmTC_86953.dir/CheckFunctionExists.c.o   -c /usr/share/cmake-3.5/Modules/CheckFunctionExists.c
Linking C executable cmTC_86953
/usr/bin/cmake -E cmake_link_script CMakeFiles/cmTC_86953.dir/link.txt --verbose=1
/usr/bin/cc   -DCHECK_FUNCTION_EXISTS=pthread_create    CMakeFiles/cmTC_86953.dir/CheckFunctionExists.c.o  -o cmTC_86953 -rdynamic -lpthreads 
/usr/bin/ld: cannot find -lpthreads
collect2: error: ld returned 1 exit status
CMakeFiles/cmTC_86953.dir/build.make:97: recipe for target 'cmTC_86953' failed
make[1]: *** [cmTC_86953] Error 1
make[1]: Leaving directory '/home/tejaswini/tej/catkin_ws/build/CMakeFiles/CMakeTmp'
Makefile:126: recipe for target 'cmTC_86953/fast' failed
make: *** [cmTC_86953/fast] Error 2


